<?xml version="1.0" encoding="UTF-8"?>
<robot generator="Robot 5.0 (Python 3.10.5 on win32)" generated="20221002 20:34:28.723" rpa="false" schemaversion="3">
<suite id="s1" name="Login" source="C:\development\robot_scripts\practise\Tests\login.robot">
<test id="s1-t1" name="User login with valid username and password" line="10">
<kw name="Open Browser" library="SeleniumLibrary">
<arg>https://devteam5.glfconnect.com/Login/Login</arg>
<arg>chrome</arg>
<doc>Opens a new browser instance to the optional ``url``.</doc>
<msg timestamp="20221002 20:34:29.292" level="INFO">Opening browser 'chrome' to base url 'https://devteam5.glfconnect.com/Login/Login'.</msg>
<status status="PASS" starttime="20221002 20:34:29.292" endtime="20221002 20:34:45.123"/>
</kw>
<kw name="Sleep" library="BuiltIn">
<arg>3s</arg>
<doc>Pauses the test executed for the given time.</doc>
<msg timestamp="20221002 20:34:48.135" level="INFO">Slept 3 seconds</msg>
<status status="PASS" starttime="20221002 20:34:45.125" endtime="20221002 20:34:48.136"/>
</kw>
<kw name="Input Text" library="SeleniumLibrary">
<arg>id=UserName</arg>
<arg>test coach23</arg>
<doc>Types the given ``text`` into the text field identified by ``locator``.</doc>
<msg timestamp="20221002 20:34:48.143" level="INFO">Typing text 'test coach23' into text field 'id=UserName'.</msg>
<status status="PASS" starttime="20221002 20:34:48.139" endtime="20221002 20:34:48.628"/>
</kw>
<kw name="Input Text" library="SeleniumLibrary">
<arg>id=Password</arg>
<arg>biology1</arg>
<doc>Types the given ``text`` into the text field identified by ``locator``.</doc>
<msg timestamp="20221002 20:34:48.631" level="INFO">Typing text 'biology1' into text field 'id=Password'.</msg>
<status status="PASS" starttime="20221002 20:34:48.630" endtime="20221002 20:34:48.912"/>
</kw>
<kw name="Click Button" library="SeleniumLibrary">
<arg>css=.mr-md-3</arg>
<doc>Clicks the button identified by ``locator``.</doc>
<msg timestamp="20221002 20:34:48.918" level="INFO">Clicking button 'css=.mr-md-3'.</msg>
<status status="PASS" starttime="20221002 20:34:48.917" endtime="20221002 20:34:49.121"/>
</kw>
<kw name="Sleep" library="BuiltIn">
<arg>2s</arg>
<doc>Pauses the test executed for the given time.</doc>
<msg timestamp="20221002 20:34:51.148" level="INFO">Slept 2 seconds</msg>
<status status="PASS" starttime="20221002 20:34:49.142" endtime="20221002 20:34:51.149"/>
</kw>
<kw name="Close Browser" library="SeleniumLibrary">
<doc>Closes the current browser.</doc>
<status status="PASS" starttime="20221002 20:34:51.150" endtime="20221002 20:34:56.407"/>
</kw>
<doc>Loging in through valid username and password</doc>
<tag>Smoke</tag>
<status status="PASS" starttime="20221002 20:34:29.290" endtime="20221002 20:34:56.408"/>
</test>
<doc>Login test cases for Orbis Booking system</doc>
<status status="PASS" starttime="20221002 20:34:28.728" endtime="20221002 20:34:56.411"/>
</suite>
<statistics>
<total>
<stat pass="1" fail="0" skip="0">All Tests</stat>
</total>
<tag>
<stat pass="1" fail="0" skip="0">Smoke</stat>
</tag>
<suite>
<stat pass="1" fail="0" skip="0" id="s1" name="Login">Login</stat>
</suite>
</statistics>
<errors>
</errors>
</robot>
